<?xml version="1.0" encoding="UTF-8"?>
<testng-results ignored="0" total="3" passed="3" failed="0" skipped="0">
  <reporter-output>
  </reporter-output>
  <suite started-at="2023-12-25T00:52:07 IST" name="Default suite" finished-at="2023-12-25T00:52:10 IST" duration-ms="2824">
    <groups>
    </groups>
    <test started-at="2023-12-25T00:52:07 IST" name="Default test" finished-at="2023-12-25T00:52:10 IST" duration-ms="2824">
      <class name="DynamicJson">
        <test-method signature="Addbook(java.lang.String,java.lang.String)[pri:0, instance:DynamicJson@64dafeed]" started-at="2023-12-25T00:52:07 IST" name="Addbook" data-provider="BooksData" finished-at="2023-12-25T00:52:10 IST" duration-ms="2415" status="PASS">
          <params>
            <param index="0">
              <value>
                <![CDATA[ojfwty]]>
              </value>
            </param>
            <param index="1">
              <value>
                <![CDATA[9363]]>
              </value>
            </param>
          </params>
          <reporter-output>
          </reporter-output>
        </test-method> <!-- Addbook -->
        <test-method signature="Addbook(java.lang.String,java.lang.String)[pri:0, instance:DynamicJson@64dafeed]" started-at="2023-12-25T00:52:10 IST" name="Addbook" data-provider="BooksData" finished-at="2023-12-25T00:52:10 IST" duration-ms="156" status="PASS">
          <params>
            <param index="0">
              <value>
                <![CDATA[cwetee]]>
              </value>
            </param>
            <param index="1">
              <value>
                <![CDATA[4253]]>
              </value>
            </param>
          </params>
          <reporter-output>
          </reporter-output>
        </test-method> <!-- Addbook -->
        <test-method signature="Addbook(java.lang.String,java.lang.String)[pri:0, instance:DynamicJson@64dafeed]" started-at="2023-12-25T00:52:10 IST" name="Addbook" data-provider="BooksData" finished-at="2023-12-25T00:52:10 IST" duration-ms="170" status="PASS">
          <params>
            <param index="0">
              <value>
                <![CDATA[okmfet]]>
              </value>
            </param>
            <param index="1">
              <value>
                <![CDATA[533]]>
              </value>
            </param>
          </params>
          <reporter-output>
          </reporter-output>
        </test-method> <!-- Addbook -->
      </class> <!-- DynamicJson -->
    </test> <!-- Default test -->
  </suite> <!-- Default suite -->
</testng-results>
